<?xml version="1.0" encoding="UTF-8"?>
<testng-results ignored="0" total="1" passed="1" failed="0" skipped="0">
  <reporter-output>
  </reporter-output>
  <suite started-at="2022-09-29T11:43:16 IST" name="Default suite" finished-at="2022-09-29T11:43:19 IST" duration-ms="2206">
    <groups>
    </groups>
    <test started-at="2022-09-29T11:43:16 IST" name="Default test" finished-at="2022-09-29T11:43:19 IST" duration-ms="2206">
      <class name="RestAPIPractice.RestDemo.StaticJson">
        <test-method signature="main()[pri:0, instance:RestAPIPractice.RestDemo.StaticJson@483f6d77]" started-at="2022-09-29T11:43:16 IST" name="main" finished-at="2022-09-29T11:43:19 IST" duration-ms="2151" status="PASS">
          <reporter-output>
          </reporter-output>
        </test-method> <!-- main -->
      </class> <!-- RestAPIPractice.RestDemo.StaticJson -->
    </test> <!-- Default test -->
  </suite> <!-- Default suite -->
</testng-results>
