<?xml version="1.0" encoding="UTF-8"?>
<!-- Generated by org.testng.reporters.JUnitXMLReporter -->
<testsuite ignored="0" hostname="IB-Pune-LAP-245" failures="0" tests="4" name="Default test" time="24.194" errors="0" timestamp="2022-08-24T20:43:21 IST">
  <testcase classname="Baldorfood.Assignment1.DataProvider1" name="getKeyword" time="6.651"/>
  <testcase classname="Baldorfood.Assignment1.DataProvider1" name="getKeyword" time="4.867"/>
  <testcase classname="Baldorfood.Assignment1.DataProvider1" name="getKeyword" time="4.986"/>
  <testcase classname="Baldorfood.Assignment1.DataProvider1" name="getKeyword" time="6.639"/>
</testsuite> <!-- Default test -->
