<?xml version="1.0" encoding="UTF-8"?>
<!-- Generated by org.testng.reporters.JUnitXMLReporter -->
<testsuite ignored="0" hostname="IB-Pune-LAP-245" failures="1" tests="3" name="Error Validation Test" time="36.131" errors="0" timestamp="2022-10-19T14:55:06 IST">
  <testcase classname="SeleniumPractise.E2EFramework.ErrorValidation" name="loginPageErrorValidation" time="0.736">
    <skipped/>
  </testcase> <!-- loginPageErrorValidation -->
  <testcase classname="SeleniumPractise.E2EFramework.ErrorValidation" name="loginPageErrorValidation" time="0.56">
    <failure type="org.junit.ComparisonFailure" message="expected:&amp;lt;Incorrect email [].&amp;gt; but was:&amp;lt;Incorrect email [or password].&amp;gt;">
      <![CDATA[org.junit.ComparisonFailure: expected:<Incorrect email [].> but was:<Incorrect email [or password].>
at org.junit.Assert.assertEquals(Assert.java:115)
at org.junit.Assert.assertEquals(Assert.java:144)
at SeleniumPractise.E2EFramework.ErrorValidation.loginPageErrorValidation(ErrorValidation.java:40)
at java.base/java.util.ArrayList.forEach(ArrayList.java:1511)
at java.base/java.util.concurrent.FutureTask.run(FutureTask.java:264)
at java.base/java.util.concurrent.ThreadPoolExecutor.runWorker(ThreadPoolExecutor.java:1136)
at java.base/java.util.concurrent.ThreadPoolExecutor$Worker.run(ThreadPoolExecutor.java:635)
at java.base/java.lang.Thread.run(Thread.java:833)
... Removed 17 stack frames]]>
    </failure>
  </testcase> <!-- loginPageErrorValidation -->
  <testcase classname="SeleniumPractise.E2EFramework.ErrorValidation" name="productPageValidation" time="8.422"/>
</testsuite> <!-- Error Validation Test -->
