<?xml version="1.0" encoding="UTF-8"?>
<!-- Generated by org.testng.reporters.JUnitXMLReporter -->
<testsuite ignored="0" hostname="IB-Pune-LAP-245" failures="0" tests="3" name="Submit Order Test" time="44.664" errors="0" timestamp="2022-10-19T14:55:14 IST">
  <testcase classname="SeleniumPractise.E2EFramework.E2ETest2" name="Submit" time="10.019"/>
  <testcase classname="SeleniumPractise.E2EFramework.E2ETest2" name="Submit" time="9.349"/>
  <testcase classname="SeleniumPractise.E2EFramework.E2ETest2" name="OrderHistoryTest" time="0.612"/>
</testsuite> <!-- Submit Order Test -->
