<?xml version="1.0" encoding="UTF-8"?>
<!-- Generated by org.testng.reporters.JUnitXMLReporter -->
<testsuite hostname="IB-Pune-LAP-245" ignored="2" tests="0" failures="0" timestamp="2022-10-21T16:31:23 IST" time="0.0" errors="0">
  <testcase name="productPageValidation" time="0.0" classname="SeleniumPractise.E2EFramework.ErrorValidation">
    <ignored/>
  </testcase> <!-- productPageValidation -->
  <testcase name="loginPageErrorValidation" time="0.0" classname="SeleniumPractise.E2EFramework.ErrorValidation">
    <ignored/>
  </testcase> <!-- loginPageErrorValidation -->
</testsuite>
