<?xml version="1.0" encoding="UTF-8"?>
<testng-results ignored="0" total="4" passed="4" failed="0" skipped="0">
  <reporter-output>
  </reporter-output>
  <suite started-at="2022-08-24T20:42:57 IST" name="Default suite" finished-at="2022-08-24T20:43:21 IST" duration-ms="24194">
    <groups>
    </groups>
    <test started-at="2022-08-24T20:42:57 IST" name="Default test" finished-at="2022-08-24T20:43:21 IST" duration-ms="24194">
      <class name="Baldorfood.Assignment1.DataProvider1">
        <test-method signature="getKeyword(java.lang.String)[pri:0, instance:Baldorfood.Assignment1.DataProvider1@7d4f9aae]" started-at="2022-08-24T20:42:58 IST" name="getKeyword" data-provider="keywordName" finished-at="2022-08-24T20:43:04 IST" duration-ms="6651" status="PASS">
          <params>
            <param index="0">
              <value>
                <![CDATA[SearchKeyword]]>
              </value>
            </param>
          </params>
          <reporter-output>
          </reporter-output>
        </test-method> <!-- getKeyword -->
        <test-method signature="getKeyword(java.lang.String)[pri:0, instance:Baldorfood.Assignment1.DataProvider1@7d4f9aae]" started-at="2022-08-24T20:43:04 IST" name="getKeyword" data-provider="keywordName" finished-at="2022-08-24T20:43:09 IST" duration-ms="4867" status="PASS">
          <params>
            <param index="0">
              <value>
                <![CDATA[Orange Juice]]>
              </value>
            </param>
          </params>
          <reporter-output>
          </reporter-output>
        </test-method> <!-- getKeyword -->
        <test-method signature="getKeyword(java.lang.String)[pri:0, instance:Baldorfood.Assignment1.DataProvider1@7d4f9aae]" started-at="2022-08-24T20:43:09 IST" name="getKeyword" data-provider="keywordName" finished-at="2022-08-24T20:43:14 IST" duration-ms="4986" status="PASS">
          <params>
            <param index="0">
              <value>
                <![CDATA[Apple]]>
              </value>
            </param>
          </params>
          <reporter-output>
          </reporter-output>
        </test-method> <!-- getKeyword -->
        <test-method signature="getKeyword(java.lang.String)[pri:0, instance:Baldorfood.Assignment1.DataProvider1@7d4f9aae]" started-at="2022-08-24T20:43:14 IST" name="getKeyword" data-provider="keywordName" finished-at="2022-08-24T20:43:21 IST" duration-ms="6639" status="PASS">
          <params>
            <param index="0">
              <value>
                <![CDATA[Banana]]>
              </value>
            </param>
          </params>
          <reporter-output>
          </reporter-output>
        </test-method> <!-- getKeyword -->
      </class> <!-- Baldorfood.Assignment1.DataProvider1 -->
    </test> <!-- Default test -->
  </suite> <!-- Default suite -->
</testng-results>
