<?xml version="1.0" encoding="UTF-8"?>
<testsuite xmlns:xsi="http://www.w3.org/2001/XMLSchema-instance" xsi:noNamespaceSchemaLocation="https://maven.apache.org/surefire/maven-surefire-plugin/xsd/surefire-test-report.xsd" name="cucumber.Options.TestRunner" time="6.198" tests="2" errors="0" skipped="0" failures="0">
  <properties>
[...]
</properties>
  <testcase name="Verify if place being successfully added using AddPlace API" classname="Validating Place APIs" time="4.633"/>
  <testcase name="Verify DeletePlaceAPI functionality working" classname="Validating Place APIs" time="0.46"/>
</testsuite>