<?xml version="1.0" encoding="UTF-8"?>
<!-- Generated by org.testng.reporters.JUnitXMLReporter -->
<testsuite ignored="0" hostname="IB-Pune-LAP-245" failures="0" tests="4" name="Default test" time="23.434" errors="0" timestamp="2022-08-26T16:06:56 IST">
  <testcase classname="IB.E2EAssignment.LoginPage" name="Homepage" time="3.463"/>
  <testcase classname="IB.E2EAssignment.LoginPage" name="Homepage" time="3.995"/>
  <testcase classname="IB.E2EAssignment.LoginPage" name="Homepage" time="3.572"/>
  <testcase classname="IB.E2EAssignment.LoginPage" name="Homepage" time="4.353"/>
</testsuite> <!-- Default test -->
