<?xml version="1.0" encoding="UTF-8"?>
<testng-results ignored="0" total="2" passed="2" failed="0" skipped="0">
  <reporter-output>
  </reporter-output>
  <suite started-at="2022-07-14T05:53:42Z" name="Suite" finished-at="2022-07-14T05:53:46Z" duration-ms="4737">
    <groups>
    </groups>
    <test started-at="2022-07-14T05:53:42Z" name="GoogleMapAPI" finished-at="2022-07-14T05:53:46Z" duration-ms="4737">
      <class name="TestNGDemo.UpdatePlace">
        <test-method is-config="true" signature="prerequisite()[pri:0, instance:TestNGDemo.UpdatePlace@4e423aa2]" started-at="2022-07-14T05:53:42Z" name="prerequisite" finished-at="2022-07-14T05:53:42Z" duration-ms="661" status="PASS">
          <reporter-output>
          </reporter-output>
        </test-method> <!-- prerequisite -->
        <test-method signature="placeUpdate(java.lang.String)[pri:0, instance:TestNGDemo.UpdatePlace@4e423aa2]" started-at="2022-07-14T05:53:42Z" name="placeUpdate" finished-at="2022-07-14T05:53:46Z" duration-ms="3311" status="PASS">
          <params>
            <param index="0">
              <value>
                <![CDATA[qaclick123]]>
              </value>
            </param>
          </params>
          <reporter-output>
          </reporter-output>
        </test-method> <!-- placeUpdate -->
      </class> <!-- TestNGDemo.UpdatePlace -->
      <class name="TestNGDemo.GetPlace">
        <test-method signature="getPlace()[pri:0, instance:TestNGDemo.GetPlace@7fbdb894]" started-at="2022-07-14T05:53:46Z" name="getPlace" finished-at="2022-07-14T05:53:46Z" duration-ms="723" status="PASS">
          <reporter-output>
          </reporter-output>
        </test-method> <!-- getPlace -->
      </class> <!-- TestNGDemo.GetPlace -->
    </test> <!-- GoogleMapAPI -->
  </suite> <!-- Suite -->
</testng-results>
