<?xml version="1.0" encoding="UTF-8"?>
<testng-results ignored="0" total="1" passed="1" failed="0" skipped="0">
  <reporter-output>
  </reporter-output>
  <suite started-at="2022-07-14T12:22:02 IST" name="Default suite" finished-at="2022-07-14T12:22:02 IST" duration-ms="60">
    <groups>
    </groups>
    <test started-at="2022-07-14T12:22:02 IST" name="Default test" finished-at="2022-07-14T12:22:02 IST" duration-ms="60">
      <class name="ETEProject.TestNG.AddPlace">
        <test-method signature="addPlace()[pri:0, instance:ETEProject.TestNG.AddPlace@69e1dd28]" started-at="2022-07-14T12:22:02 IST" name="addPlace" finished-at="2022-07-14T12:22:02 IST" duration-ms="9" status="PASS">
          <reporter-output>
          </reporter-output>
        </test-method> <!-- addPlace -->
      </class> <!-- ETEProject.TestNG.AddPlace -->
    </test> <!-- Default test -->
  </suite> <!-- Default suite -->
</testng-results>
