<?xml version="1.0" encoding="UTF-8"?>
<testng-results skipped="0" failed="0" ignored="0" total="1" passed="1">
  <reporter-output>
  </reporter-output>
  <suite name="Surefire suite" duration-ms="41" started-at="2022-10-21T12:56:38 IST" finished-at="2022-10-21T12:56:38 IST">
    <groups>
    </groups>
    <test name="Surefire test" duration-ms="41" started-at="2022-10-21T12:56:38 IST" finished-at="2022-10-21T12:56:38 IST">
      <class name="SeleniumPractise.E2EFramework.AppTest">
        <test-method status="PASS" signature="shouldAnswerWithTrue()" name="shouldAnswerWithTrue" duration-ms="6" started-at="2022-10-21T12:56:38 IST" finished-at="2022-10-21T12:56:38 IST">
          <reporter-output>
          </reporter-output>
        </test-method> <!-- shouldAnswerWithTrue -->
      </class> <!-- SeleniumPractise.E2EFramework.AppTest -->
    </test> <!-- Surefire test -->
  </suite> <!-- Surefire suite -->
</testng-results>
