<?xml version="1.0" encoding="UTF-8"?>
<testng-results retried="1" ignored="0" total="6" passed="4" failed="1" skipped="0">
  <reporter-output>
  </reporter-output>
  <suite started-at="2022-10-19T14:54:30 IST" name="Suite" finished-at="2022-10-19T14:55:14 IST" duration-ms="44664">
    <groups>
      <group name="ErrorHandling">
        <method signature="ErrorValidation.loginPageErrorValidation()[pri:0, instance:SeleniumPractise.E2EFramework.ErrorValidation@6436a7db]" name="loginPageErrorValidation" class="SeleniumPractise.E2EFramework.ErrorValidation"/>
      </group> <!-- ErrorHandling -->
      <group name="purchase">
        <method signature="E2ETest2.Submit(java.util.HashMap)[pri:0, instance:SeleniumPractise.E2EFramework.E2ETest2@77102b91]" name="Submit" class="SeleniumPractise.E2EFramework.E2ETest2"/>
      </group> <!-- purchase -->
    </groups>
    <test started-at="2022-10-19T14:54:30 IST" name="Error Validation Test" finished-at="2022-10-19T14:55:06 IST" duration-ms="36131">
      <class name="SeleniumPractise.E2EFramework.ErrorValidation">
        <test-method is-config="true" signature="launchApp()[pri:0, instance:SeleniumPractise.E2EFramework.ErrorValidation@6436a7db]" started-at="2022-10-19T14:54:30 IST" name="launchApp" finished-at="2022-10-19T14:54:33 IST" duration-ms="3849" status="PASS">
          <reporter-output>
          </reporter-output>
        </test-method> <!-- launchApp -->
        <test-method retried="true" signature="loginPageErrorValidation()[pri:0, instance:SeleniumPractise.E2EFramework.ErrorValidation@6436a7db]" started-at="2022-10-19T14:54:33 IST" name="loginPageErrorValidation" finished-at="2022-10-19T14:54:34 IST" duration-ms="736" status="SKIP">
          <exception class="org.junit.ComparisonFailure">
            <message>
              <![CDATA[expected:<Incorrect email [].> but was:<Incorrect email [or password].>]]>
            </message>
            <full-stacktrace>
              <![CDATA[org.junit.ComparisonFailure: expected:<Incorrect email [].> but was:<Incorrect email [or password].>
at org.junit.Assert.assertEquals(Assert.java:115)
at org.junit.Assert.assertEquals(Assert.java:144)
at SeleniumPractise.E2EFramework.ErrorValidation.loginPageErrorValidation(ErrorValidation.java:40)
at java.base/jdk.internal.reflect.NativeMethodAccessorImpl.invoke0(Native Method)
at java.base/jdk.internal.reflect.NativeMethodAccessorImpl.invoke(NativeMethodAccessorImpl.java:77)
at java.base/jdk.internal.reflect.DelegatingMethodAccessorImpl.invoke(DelegatingMethodAccessorImpl.java:43)
at java.base/java.lang.reflect.Method.invoke(Method.java:568)
at org.testng.internal.invokers.MethodInvocationHelper.invokeMethod(MethodInvocationHelper.java:139)
at org.testng.internal.invokers.TestInvoker.invokeMethod(TestInvoker.java:677)
at org.testng.internal.invokers.TestInvoker.invokeTestMethod(TestInvoker.java:221)
at org.testng.internal.invokers.MethodRunner.runInSequence(MethodRunner.java:50)
at org.testng.internal.invokers.TestInvoker$MethodInvocationAgent.invoke(TestInvoker.java:962)
at org.testng.internal.invokers.TestInvoker.invokeTestMethods(TestInvoker.java:194)
at org.testng.internal.invokers.TestMethodWorker.invokeTestMethods(TestMethodWorker.java:148)
at org.testng.internal.invokers.TestMethodWorker.run(TestMethodWorker.java:128)
at java.base/java.util.ArrayList.forEach(ArrayList.java:1511)
at org.testng.TestRunner.privateRun(TestRunner.java:806)
at org.testng.TestRunner.run(TestRunner.java:601)
at org.testng.SuiteRunner.runTest(SuiteRunner.java:433)
at org.testng.SuiteRunner$SuiteWorker.run(SuiteRunner.java:471)
at org.testng.internal.thread.ThreadUtil.lambda$execute$0(ThreadUtil.java:58)
at java.base/java.util.concurrent.FutureTask.run(FutureTask.java:264)
at java.base/java.util.concurrent.ThreadPoolExecutor.runWorker(ThreadPoolExecutor.java:1136)
at java.base/java.util.concurrent.ThreadPoolExecutor$Worker.run(ThreadPoolExecutor.java:635)
at java.base/java.lang.Thread.run(Thread.java:833)
]]>
            </full-stacktrace>
          </exception> <!-- org.junit.ComparisonFailure -->
          <reporter-output>
          </reporter-output>
        </test-method> <!-- loginPageErrorValidation -->
        <test-method is-config="true" signature="tearDown()[pri:0, instance:SeleniumPractise.E2EFramework.ErrorValidation@6436a7db]" started-at="2022-10-19T14:54:34 IST" name="tearDown" finished-at="2022-10-19T14:54:34 IST" duration-ms="57" status="PASS">
          <reporter-output>
          </reporter-output>
        </test-method> <!-- tearDown -->
        <test-method is-config="true" signature="launchApp()[pri:0, instance:SeleniumPractise.E2EFramework.ErrorValidation@6436a7db]" started-at="2022-10-19T14:54:34 IST" name="launchApp" finished-at="2022-10-19T14:54:37 IST" duration-ms="2903" status="PASS">
          <reporter-output>
          </reporter-output>
        </test-method> <!-- launchApp -->
        <test-method signature="loginPageErrorValidation()[pri:0, instance:SeleniumPractise.E2EFramework.ErrorValidation@6436a7db]" started-at="2022-10-19T14:54:37 IST" name="loginPageErrorValidation" finished-at="2022-10-19T14:54:38 IST" duration-ms="560" status="FAIL">
          <exception class="org.junit.ComparisonFailure">
            <message>
              <![CDATA[expected:<Incorrect email [].> but was:<Incorrect email [or password].>]]>
            </message>
            <full-stacktrace>
              <![CDATA[org.junit.ComparisonFailure: expected:<Incorrect email [].> but was:<Incorrect email [or password].>
at org.junit.Assert.assertEquals(Assert.java:115)
at org.junit.Assert.assertEquals(Assert.java:144)
at SeleniumPractise.E2EFramework.ErrorValidation.loginPageErrorValidation(ErrorValidation.java:40)
at java.base/jdk.internal.reflect.NativeMethodAccessorImpl.invoke0(Native Method)
at java.base/jdk.internal.reflect.NativeMethodAccessorImpl.invoke(NativeMethodAccessorImpl.java:77)
at java.base/jdk.internal.reflect.DelegatingMethodAccessorImpl.invoke(DelegatingMethodAccessorImpl.java:43)
at java.base/java.lang.reflect.Method.invoke(Method.java:568)
at org.testng.internal.invokers.MethodInvocationHelper.invokeMethod(MethodInvocationHelper.java:139)
at org.testng.internal.invokers.TestInvoker.invokeMethod(TestInvoker.java:677)
at org.testng.internal.invokers.TestInvoker.retryFailed(TestInvoker.java:263)
at org.testng.internal.invokers.MethodRunner.runInSequence(MethodRunner.java:62)
at org.testng.internal.invokers.TestInvoker$MethodInvocationAgent.invoke(TestInvoker.java:962)
at org.testng.internal.invokers.TestInvoker.invokeTestMethods(TestInvoker.java:194)
at org.testng.internal.invokers.TestMethodWorker.invokeTestMethods(TestMethodWorker.java:148)
at org.testng.internal.invokers.TestMethodWorker.run(TestMethodWorker.java:128)
at java.base/java.util.ArrayList.forEach(ArrayList.java:1511)
at org.testng.TestRunner.privateRun(TestRunner.java:806)
at org.testng.TestRunner.run(TestRunner.java:601)
at org.testng.SuiteRunner.runTest(SuiteRunner.java:433)
at org.testng.SuiteRunner$SuiteWorker.run(SuiteRunner.java:471)
at org.testng.internal.thread.ThreadUtil.lambda$execute$0(ThreadUtil.java:58)
at java.base/java.util.concurrent.FutureTask.run(FutureTask.java:264)
at java.base/java.util.concurrent.ThreadPoolExecutor.runWorker(ThreadPoolExecutor.java:1136)
at java.base/java.util.concurrent.ThreadPoolExecutor$Worker.run(ThreadPoolExecutor.java:635)
at java.base/java.lang.Thread.run(Thread.java:833)
]]>
            </full-stacktrace>
          </exception> <!-- org.junit.ComparisonFailure -->
          <reporter-output>
          </reporter-output>
        </test-method> <!-- loginPageErrorValidation -->
        <test-method is-config="true" signature="tearDown()[pri:0, instance:SeleniumPractise.E2EFramework.ErrorValidation@6436a7db]" started-at="2022-10-19T14:54:38 IST" name="tearDown" finished-at="2022-10-19T14:54:38 IST" duration-ms="137" status="PASS">
          <reporter-output>
          </reporter-output>
        </test-method> <!-- tearDown -->
        <test-method is-config="true" signature="launchApp()[pri:0, instance:SeleniumPractise.E2EFramework.ErrorValidation@6436a7db]" started-at="2022-10-19T14:54:38 IST" name="launchApp" finished-at="2022-10-19T14:54:41 IST" duration-ms="2731" status="PASS">
          <reporter-output>
          </reporter-output>
        </test-method> <!-- launchApp -->
        <test-method signature="productPageValidation()[pri:0, instance:SeleniumPractise.E2EFramework.ErrorValidation@6436a7db]" started-at="2022-10-19T14:54:41 IST" name="productPageValidation" finished-at="2022-10-19T14:54:49 IST" duration-ms="8422" status="PASS">
          <reporter-output>
          </reporter-output>
        </test-method> <!-- productPageValidation -->
        <test-method is-config="true" signature="tearDown()[pri:0, instance:SeleniumPractise.E2EFramework.ErrorValidation@6436a7db]" started-at="2022-10-19T14:54:49 IST" name="tearDown" finished-at="2022-10-19T14:55:06 IST" duration-ms="16218" status="PASS">
          <reporter-output>
          </reporter-output>
        </test-method> <!-- tearDown -->
      </class> <!-- SeleniumPractise.E2EFramework.ErrorValidation -->
    </test> <!-- Error Validation Test -->
    <test started-at="2022-10-19T14:54:30 IST" name="Submit Order Test" finished-at="2022-10-19T14:55:14 IST" duration-ms="44664">
      <class name="SeleniumPractise.E2EFramework.E2ETest2">
        <test-method is-config="true" signature="launchApp()[pri:0, instance:SeleniumPractise.E2EFramework.E2ETest2@77102b91]" started-at="2022-10-19T14:54:30 IST" name="launchApp" finished-at="2022-10-19T14:54:35 IST" duration-ms="4676" status="PASS">
          <reporter-output>
          </reporter-output>
        </test-method> <!-- launchApp -->
        <test-method signature="Submit(java.util.HashMap)[pri:0, instance:SeleniumPractise.E2EFramework.E2ETest2@77102b91]" started-at="2022-10-19T14:54:35 IST" name="Submit" data-provider="getData" finished-at="2022-10-19T14:54:45 IST" duration-ms="10019" status="PASS">
          <params>
            <param index="0">
              <value>
                <![CDATA[{product=ZARA COAT 3, pwd=Sagar@1234, email=salunkesagarg@gmail.com}]]>
              </value>
            </param>
          </params>
          <reporter-output>
          </reporter-output>
        </test-method> <!-- Submit -->
        <test-method is-config="true" signature="tearDown()[pri:0, instance:SeleniumPractise.E2EFramework.E2ETest2@77102b91]" started-at="2022-10-19T14:54:45 IST" name="tearDown" finished-at="2022-10-19T14:54:45 IST" duration-ms="69" status="PASS">
          <reporter-output>
          </reporter-output>
        </test-method> <!-- tearDown -->
        <test-method is-config="true" signature="launchApp()[pri:0, instance:SeleniumPractise.E2EFramework.E2ETest2@77102b91]" started-at="2022-10-19T14:54:45 IST" name="launchApp" finished-at="2022-10-19T14:54:46 IST" duration-ms="1685" status="PASS">
          <reporter-output>
          </reporter-output>
        </test-method> <!-- launchApp -->
        <test-method signature="Submit(java.util.HashMap)[pri:0, instance:SeleniumPractise.E2EFramework.E2ETest2@77102b91]" started-at="2022-10-19T14:54:46 IST" name="Submit" data-provider="getData" finished-at="2022-10-19T14:54:56 IST" duration-ms="9349" status="PASS">
          <params>
            <param index="0">
              <value>
                <![CDATA[{product=ADIDAS ORIGINAL, pwd=Sagar@1234, email=salunkesagarg@gmail.com}]]>
              </value>
            </param>
          </params>
          <reporter-output>
          </reporter-output>
        </test-method> <!-- Submit -->
        <test-method is-config="true" signature="tearDown()[pri:0, instance:SeleniumPractise.E2EFramework.E2ETest2@77102b91]" started-at="2022-10-19T14:54:56 IST" name="tearDown" finished-at="2022-10-19T14:55:12 IST" duration-ms="16234" status="PASS">
          <reporter-output>
          </reporter-output>
        </test-method> <!-- tearDown -->
        <test-method is-config="true" signature="launchApp()[pri:0, instance:SeleniumPractise.E2EFramework.E2ETest2@77102b91]" started-at="2022-10-19T14:55:12 IST" name="launchApp" finished-at="2022-10-19T14:55:13 IST" duration-ms="1468" status="PASS">
          <reporter-output>
          </reporter-output>
        </test-method> <!-- launchApp -->
        <test-method signature="OrderHistoryTest()[pri:0, instance:SeleniumPractise.E2EFramework.E2ETest2@77102b91]" started-at="2022-10-19T14:55:13 IST" name="OrderHistoryTest" finished-at="2022-10-19T14:55:14 IST" depends-on-methods="SeleniumPractise.E2EFramework.E2ETest2.Submit" duration-ms="612" status="PASS">
          <reporter-output>
          </reporter-output>
        </test-method> <!-- OrderHistoryTest -->
        <test-method is-config="true" signature="tearDown()[pri:0, instance:SeleniumPractise.E2EFramework.E2ETest2@77102b91]" started-at="2022-10-19T14:55:14 IST" name="tearDown" finished-at="2022-10-19T14:55:14 IST" duration-ms="108" status="PASS">
          <reporter-output>
          </reporter-output>
        </test-method> <!-- tearDown -->
      </class> <!-- SeleniumPractise.E2EFramework.E2ETest2 -->
    </test> <!-- Submit Order Test -->
  </suite> <!-- Suite -->
</testng-results>
