<?xml version="1.0" encoding="UTF-8"?>
<testng-results ignored="0" total="1" passed="1" failed="0" skipped="0">
  <reporter-output>
  </reporter-output>
  <suite started-at="2022-10-27T17:52:35 IST" name="Default suite" finished-at="2022-10-27T17:52:43 IST" duration-ms="7788">
    <groups>
    </groups>
    <test started-at="2022-10-27T17:52:35 IST" name="Default test" finished-at="2022-10-27T17:52:43 IST" duration-ms="7788">
      <class name="actions.MouseHover">
        <test-method signature="getMouseHover()[pri:0, instance:actions.MouseHover@29215f06]" started-at="2022-10-27T17:52:35 IST" name="getMouseHover" finished-at="2022-10-27T17:52:43 IST" duration-ms="7721" status="PASS">
          <reporter-output>
          </reporter-output>
        </test-method> <!-- getMouseHover -->
      </class> <!-- actions.MouseHover -->
    </test> <!-- Default test -->
  </suite> <!-- Default suite -->
</testng-results>
