<?xml version="1.0" encoding="UTF-8"?>
<testng-results ignored="0" total="1" passed="1" failed="0" skipped="0">
  <reporter-output>
  </reporter-output>
  <suite started-at="2022-07-15T11:56:18 IST" name="Suite" finished-at="2022-07-15T11:56:20 IST" duration-ms="2603">
    <groups>
    </groups>
    <test started-at="2022-07-15T11:56:18 IST" name="Test" finished-at="2022-07-15T11:56:20 IST" duration-ms="2603">
      <class name="E2E.Demo.AddPlace">
        <test-method is-config="true" signature="initializeURI()[pri:0, instance:E2E.Demo.AddPlace@3f3c966c]" started-at="2022-07-15T11:56:18 IST" name="initializeURI" finished-at="2022-07-15T11:56:18 IST" duration-ms="393" status="PASS">
          <reporter-output>
          </reporter-output>
        </test-method> <!-- initializeURI -->
        <test-method signature="addPlace(java.lang.String)[pri:0, instance:E2E.Demo.AddPlace@3f3c966c]" started-at="2022-07-15T11:56:18 IST" name="addPlace" finished-at="2022-07-15T11:56:20 IST" duration-ms="2169" status="PASS">
          <params>
            <param index="0">
              <value>
                <![CDATA[qaclick123]]>
              </value>
            </param>
          </params>
          <reporter-output>
          </reporter-output>
        </test-method> <!-- addPlace -->
      </class> <!-- E2E.Demo.AddPlace -->
    </test> <!-- Test -->
  </suite> <!-- Suite -->
</testng-results>
