<?xml version="1.0" encoding="UTF-8"?>
<!-- Generated by org.testng.reporters.JUnitXMLReporter -->
<testsuite ignored="0" hostname="IB-Pune-LAP-245" failures="1" tests="8" name="Test" time="86.87" errors="0" timestamp="2022-08-26T15:46:25 IST">
  <testcase classname="IB.E2EAssignment.LoginPage" name="Homepage" time="5.586"/>
  <testcase classname="IB.E2EAssignment.LoginPage" name="Homepage" time="5.371"/>
  <testcase classname="IB.E2EAssignment.LoginPage" name="Homepage" time="4.471"/>
  <testcase classname="IB.E2EAssignment.LoginPage" name="Homepage" time="6.088"/>
  <testcase classname="IB.E2EAssignment.LoginPageExcel" name="sendData" time="16.457"/>
  <testcase classname="IB.E2EAssignment.WriteExcel" name="writeData" time="4.926"/>
  <testcase classname="IB.E2EAssignment.BakerySweetnerPage" name="hoverData" time="0.987"/>
  <testcase classname="IB.E2EAssignment.ValidateTitle" name="getTitle" time="0.049">
    <failure type="java.lang.AssertionError" message="expected [BETTER EGGS12] but found [BETTER EGGS]">
      <![CDATA[java.lang.AssertionError: expected [BETTER EGGS12] but found [BETTER EGGS]
at IB.E2EAssignment.ValidateTitle.getTitle(ValidateTitle.java:32)
at java.base/java.util.ArrayList.forEach(ArrayList.java:1511)
... Removed 33 stack frames]]>
    </failure>
  </testcase> <!-- getTitle -->
</testsuite> <!-- Test -->
