<?xml version="1.0" encoding="UTF-8"?>
<testng-results skipped="0" failed="1" ignored="3" total="5" passed="1">
  <reporter-output>
  </reporter-output>
  <suite name="Suite" duration-ms="34755" started-at="2022-10-21T16:30:48 IST" finished-at="2022-10-21T16:31:23 IST">
    <groups>
      <group name="purchase">
        <method signature="E2ETest2.Submit(java.util.HashMap)[pri:0, instance:SeleniumPractise.E2EFramework.E2ETest2@1e965684]" name="Submit" class="SeleniumPractise.E2EFramework.E2ETest2"/>
      </group> <!-- purchase -->
    </groups>
    <test name="Submit Order Test" duration-ms="34739" started-at="2022-10-21T16:30:48 IST" finished-at="2022-10-21T16:31:23 IST">
      <class name="SeleniumPractise.E2EFramework.E2ETest2">
        <test-method status="PASS" signature="launchApp()[pri:0, instance:SeleniumPractise.E2EFramework.E2ETest2@1e965684]" name="launchApp" is-config="true" duration-ms="9050" started-at="2022-10-21T16:30:48 IST" finished-at="2022-10-21T16:30:58 IST">
          <reporter-output>
          </reporter-output>
        </test-method> <!-- launchApp -->
        <test-method status="PASS" signature="Submit(java.util.HashMap)[pri:0, instance:SeleniumPractise.E2EFramework.E2ETest2@1e965684]" name="Submit" duration-ms="9588" started-at="2022-10-21T16:30:58 IST" data-provider="getData" finished-at="2022-10-21T16:31:07 IST">
          <params>
            <param index="0">
              <value>
                <![CDATA[{product=ZARA COAT 3, pwd=Sagar@1234, email=salunkesagarg@gmail.com}]]>
              </value>
            </param>
          </params>
          <reporter-output>
          </reporter-output>
        </test-method> <!-- Submit -->
        <test-method status="PASS" signature="tearDown()[pri:0, instance:SeleniumPractise.E2EFramework.E2ETest2@1e965684]" name="tearDown" is-config="true" duration-ms="1073" started-at="2022-10-21T16:31:07 IST" finished-at="2022-10-21T16:31:08 IST">
          <reporter-output>
          </reporter-output>
        </test-method> <!-- tearDown -->
        <test-method status="PASS" signature="launchApp()[pri:0, instance:SeleniumPractise.E2EFramework.E2ETest2@1e965684]" name="launchApp" is-config="true" duration-ms="5603" started-at="2022-10-21T16:31:08 IST" finished-at="2022-10-21T16:31:14 IST">
          <reporter-output>
          </reporter-output>
        </test-method> <!-- launchApp -->
        <test-method status="FAIL" signature="Submit(java.util.HashMap)[pri:0, instance:SeleniumPractise.E2EFramework.E2ETest2@1e965684]" name="Submit" duration-ms="8106" started-at="2022-10-21T16:31:14 IST" data-provider="getData" finished-at="2022-10-21T16:31:22 IST">
          <params>
            <param index="0">
              <value>
                <![CDATA[{product=ADIDAS ORIGINAL, pwd=Sagar@1234, email=salunkesagarg@gmail.com}]]>
              </value>
            </param>
          </params>
          <exception class="org.openqa.selenium.TimeoutException">
            <message>
              <![CDATA[Expected condition failed: waiting for visibility of element located by By.cssSelector: .ta-results (tried for 5 second(s) with 500 milliseconds interval)
Build info: version: '4.5.0', revision: 'fe167b119a'
System info: os.name: 'Windows 10', os.arch: 'amd64', os.version: '10.0', java.version: '1.8.0_191'
Driver info: org.openqa.selenium.firefox.FirefoxDriver
Capabilities {acceptInsecureCerts: true, browserName: firefox, browserVersion: 101.0.1, moz:accessibilityChecks: false, moz:buildID: 20220608170832, moz:debuggerAddress: localhost:60147, moz:geckodriverVersion: 0.31.0, moz:headless: false, moz:processID: 21936, moz:profile: C:\Users\SAGARS~1\AppData\L..., moz:shutdownTimeout: 60000, moz:useNonSpecCompliantPointerOrigin: false, moz:webdriverClick: true, pageLoadStrategy: normal, platformName: WINDOWS, platformVersion: 10.0, proxy: Proxy(), se:cdp: ws://localhost:60147/devtoo..., se:cdpVersion: 85.0, setWindowRect: true, strictFileInteractability: false, timeouts: {implicit: 0, pageLoad: 300000, script: 30000}, unhandledPromptBehavior: dismiss and notify}
Session ID: 0966a49f-fd78-4dae-b0f5-6aa195d0a6d8]]>
            </message>
            <full-stacktrace>
              <![CDATA[org.openqa.selenium.TimeoutException: Expected condition failed: waiting for visibility of element located by By.cssSelector: .ta-results (tried for 5 second(s) with 500 milliseconds interval)
Build info: version: '4.5.0', revision: 'fe167b119a'
System info: os.name: 'Windows 10', os.arch: 'amd64', os.version: '10.0', java.version: '1.8.0_191'
Driver info: org.openqa.selenium.firefox.FirefoxDriver
Capabilities {acceptInsecureCerts: true, browserName: firefox, browserVersion: 101.0.1, moz:accessibilityChecks: false, moz:buildID: 20220608170832, moz:debuggerAddress: localhost:60147, moz:geckodriverVersion: 0.31.0, moz:headless: false, moz:processID: 21936, moz:profile: C:\Users\SAGARS~1\AppData\L..., moz:shutdownTimeout: 60000, moz:useNonSpecCompliantPointerOrigin: false, moz:webdriverClick: true, pageLoadStrategy: normal, platformName: WINDOWS, platformVersion: 10.0, proxy: Proxy(), se:cdp: ws://localhost:60147/devtoo..., se:cdpVersion: 85.0, setWindowRect: true, strictFileInteractability: false, timeouts: {implicit: 0, pageLoad: 300000, script: 30000}, unhandledPromptBehavior: dismiss and notify}
Session ID: 0966a49f-fd78-4dae-b0f5-6aa195d0a6d8
at org.openqa.selenium.support.ui.WebDriverWait.timeoutException(WebDriverWait.java:87)
at org.openqa.selenium.support.ui.FluentWait.until(FluentWait.java:231)
at abstractComponent.AbstractComponent.waitforCountry(AbstractComponent.java:48)
at pageobjects.PlaceOrder.placeOrder(PlaceOrder.java:42)
at SeleniumPractise.E2EFramework.E2ETest2.Submit(E2ETest2.java:50)
at sun.reflect.NativeMethodAccessorImpl.invoke0(Native Method)
at sun.reflect.NativeMethodAccessorImpl.invoke(NativeMethodAccessorImpl.java:62)
at sun.reflect.DelegatingMethodAccessorImpl.invoke(DelegatingMethodAccessorImpl.java:43)
at java.lang.reflect.Method.invoke(Method.java:498)
at org.testng.internal.MethodInvocationHelper.invokeMethod(MethodInvocationHelper.java:133)
at org.testng.internal.TestInvoker.invokeMethod(TestInvoker.java:598)
at org.testng.internal.TestInvoker.invokeTestMethod(TestInvoker.java:173)
at org.testng.internal.MethodRunner.runInSequence(MethodRunner.java:46)
at org.testng.internal.TestInvoker$MethodInvocationAgent.invoke(TestInvoker.java:824)
at org.testng.internal.TestInvoker.invokeTestMethods(TestInvoker.java:146)
at org.testng.internal.TestMethodWorker.invokeTestMethods(TestMethodWorker.java:146)
at org.testng.internal.TestMethodWorker.run(TestMethodWorker.java:128)
at java.util.ArrayList.forEach(ArrayList.java:1257)
at org.testng.TestRunner.privateRun(TestRunner.java:794)
at org.testng.TestRunner.run(TestRunner.java:596)
at org.testng.SuiteRunner.runTest(SuiteRunner.java:377)
at org.testng.SuiteRunner.runSequentially(SuiteRunner.java:371)
at org.testng.SuiteRunner.privateRun(SuiteRunner.java:332)
at org.testng.SuiteRunner.run(SuiteRunner.java:276)
at org.testng.SuiteRunnerWorker.runSuite(SuiteRunnerWorker.java:53)
at org.testng.SuiteRunnerWorker.run(SuiteRunnerWorker.java:96)
at org.testng.TestNG.runSuitesSequentially(TestNG.java:1212)
at org.testng.TestNG.runSuitesLocally(TestNG.java:1134)
at org.testng.TestNG.runSuites(TestNG.java:1063)
at org.testng.TestNG.run(TestNG.java:1031)
at org.apache.maven.surefire.testng.TestNGExecutor.run(TestNGExecutor.java:283)
at org.apache.maven.surefire.testng.TestNGXmlTestSuite.execute(TestNGXmlTestSuite.java:75)
at org.apache.maven.surefire.testng.TestNGProvider.invoke(TestNGProvider.java:120)
at org.apache.maven.surefire.booter.ForkedBooter.invokeProviderInSameClassLoader(ForkedBooter.java:384)
at org.apache.maven.surefire.booter.ForkedBooter.runSuitesInProcess(ForkedBooter.java:345)
at org.apache.maven.surefire.booter.ForkedBooter.execute(ForkedBooter.java:126)
at org.apache.maven.surefire.booter.ForkedBooter.main(ForkedBooter.java:418)
]]>
            </full-stacktrace>
          </exception> <!-- org.openqa.selenium.TimeoutException -->
          <reporter-output>
          </reporter-output>
        </test-method> <!-- Submit -->
        <test-method status="PASS" signature="tearDown()[pri:0, instance:SeleniumPractise.E2EFramework.E2ETest2@1e965684]" name="tearDown" is-config="true" duration-ms="1007" started-at="2022-10-21T16:31:22 IST" finished-at="2022-10-21T16:31:23 IST">
          <reporter-output>
          </reporter-output>
        </test-method> <!-- tearDown -->
      </class> <!-- SeleniumPractise.E2EFramework.E2ETest2 -->
    </test> <!-- Submit Order Test -->
    <test name="Error Validation Test" duration-ms="0" started-at="2022-10-21T16:31:23 IST" finished-at="2022-10-21T16:31:23 IST">
    </test> <!-- Error Validation Test -->
  </suite> <!-- Suite -->
</testng-results>
